<?xml version="1.0" encoding="UTF-8"?>
<!-- Generated by org.testng.reporters.JUnitReportReporter -->
<testsuite skipped="0" hostname="DESKTOP-S4V18SH" name="com.zohoCRM.tests.LoginPageTest" tests="1" failures="0" timestamp="20 Aug 2021 05:43:37 GMT" time="14.952" errors="0">
  <testcase name="loginTest" time="14.952" classname="com.zohoCRM.tests.LoginPageTest"/>
</testsuite> <!-- com.zohoCRM.tests.LoginPageTest -->
