<?xml version="1.0" encoding="UTF-8"?>
<!-- Generated by org.testng.reporters.JUnitReportReporter -->
<testsuite skipped="0" hostname="DESKTOP-S4V18SH" name="com.zohoCRM.tests.SignInTest" tests="1" failures="0" timestamp="20 Aug 2021 18:13:48 GMT" time="11.482" errors="0">
  <testcase name="verify_SignIn" time="11.482" classname="com.zohoCRM.tests.SignInTest"/>
</testsuite> <!-- com.zohoCRM.tests.SignInTest -->
